Arguments: 
  C:\Program Files\nodejs\node.exe C:\Users\Banshee\AppData\Roaming\npm\node_modules\yarn\bin\yarn.js build

PATH: 
  C:\Program Files (x86)\Common Files\Oracle\Java\javapath;C:\WINDOWS\system32;C:\WINDOWS;C:\WINDOWS\System32\Wbem;C:\WINDOWS\System32\WindowsPowerShell\v1.0\;C:\Program Files\Git\cmd;C:\ffmpeg\bin;C:\Program Files\PuTTY\;C:\Program Files (x86)\OpenSSH\bin;C:\WINDOWS\System32\OpenSSH\;C:\Program Files\Java\jdk-10.0.1\bin;%NVM_HOME%;%NVM_SYMLINK%;C:\Program Files\Microsoft VS Code\bin;C:\Ruby24-x64\bin;C:\Users\Banshee\AppData\Local\Microsoft\WindowsApps;C:\Users\Banshee\AppData\Roaming\npm;c:\ffmpeg\bin;C:\Users\Banshee\AppData\Local\Microsoft\WindowsApps;C:\Program Files\Microsoft VS Code\bin;C:\Users\Banshee\AppData\Local\atom\bin;C:\Users\Banshee\AppData\Roaming\nvm;C:\Program Files\nodejs

Yarn version: 
  1.7.0

Node version: 
  8.11.3

Platform: 
  win32 x64

Trace: 
  SyntaxError: C:\workspace\personal\just-learn\front-end\html5\video\package.json: Unexpected token } in JSON at position 145
      at JSON.parse (<anonymous>)
      at C:\Users\Banshee\AppData\Roaming\npm\node_modules\yarn\lib\cli.js:1130:59
      at Generator.next (<anonymous>)
      at step (C:\Users\Banshee\AppData\Roaming\npm\node_modules\yarn\lib\cli.js:98:30)
      at C:\Users\Banshee\AppData\Roaming\npm\node_modules\yarn\lib\cli.js:109:13
      at <anonymous>

npm manifest: 
  {
    "name": "video",
    "version": "1.0.0",
    "main": "index.js",
    "license": "MIT",
    "scripts": {
      "build": "rollup -c rollup.config.js",
    },
    "devDependencies": {
      "flow-bin": "^0.75.0",
      "rollup": "^0.62.0"
    },
    "dependencies": {}
  }

yarn manifest: 
  No manifest

Lockfile: 
  # THIS IS AN AUTOGENERATED FILE. DO NOT EDIT THIS FILE DIRECTLY.
  # yarn lockfile v1
  
  
  "@types/estree@0.0.39":
    version "0.0.39"
    resolved "http://registry.npm.taobao.org/@types/estree/download/@types/estree-0.0.39.tgz#e177e699ee1b8c22d23174caaa7422644389509f"
  
  "@types/node@*":
    version "10.5.2"
    resolved "http://registry.npm.taobao.org/@types/node/download/@types/node-10.5.2.tgz#f19f05314d5421fe37e74153254201a7bf00a707"
  
  flow-bin@^0.75.0:
    version "0.75.0"
    resolved "http://registry.npm.taobao.org/flow-bin/download/flow-bin-0.75.0.tgz#b96d1ee99d3b446a3226be66b4013224ce9df260"
  
  rollup@^0.62.0:
    version "0.62.0"
    resolved "http://registry.npm.taobao.org/rollup/download/rollup-0.62.0.tgz#4ca8b3c9582195dc9341ff8a1375f58319b95bfc"
    dependencies:
      "@types/estree" "0.0.39"
      "@types/node" "*"
